<?xml version="1.0" encoding="UTF-8"?>
<testsuite name="com.wedul.circuit.CircuitApplicationTests" tests="1" skipped="0" failures="0" errors="0" timestamp="2020-07-04T12:42:57" hostname="jeongcheol-ui-MacBookPro.local" time="0.12">
  <properties/>
  <testcase name="contextLoads()" classname="com.wedul.circuit.CircuitApplicationTests" time="0.12"/>
  <system-out><![CDATA[21:42:54.971 [Test worker] DEBUG org.springframework.test.context.BootstrapUtils - Instantiating CacheAwareContextLoaderDelegate from class [org.springframework.test.context.cache.DefaultCacheAwareContextLoaderDelegate]
21:42:54.982 [Test worker] DEBUG org.springframework.test.context.BootstrapUtils - Instantiating BootstrapContext using constructor [public org.springframework.test.context.support.DefaultBootstrapContext(java.lang.Class,org.springframework.test.context.CacheAwareContextLoaderDelegate)]
21:42:55.005 [Test worker] DEBUG org.springframework.test.context.BootstrapUtils - Instantiating TestContextBootstrapper for test class [com.wedul.circuit.CircuitApplicationTests] from class [org.springframework.boot.test.context.SpringBootTestContextBootstrapper]
21:42:55.016 [Test worker] INFO org.springframework.boot.test.context.SpringBootTestContextBootstrapper - Neither @ContextConfiguration nor @ContextHierarchy found for test class [com.wedul.circuit.CircuitApplicationTests], using SpringBootContextLoader
21:42:55.019 [Test worker] DEBUG org.springframework.test.context.support.AbstractContextLoader - Did not detect default resource location for test class [com.wedul.circuit.CircuitApplicationTests]: class path resource [com/wedul/circuit/CircuitApplicationTests-context.xml] does not exist
21:42:55.019 [Test worker] DEBUG org.springframework.test.context.support.AbstractContextLoader - Did not detect default resource location for test class [com.wedul.circuit.CircuitApplicationTests]: class path resource [com/wedul/circuit/CircuitApplicationTestsContext.groovy] does not exist
21:42:55.019 [Test worker] INFO org.springframework.test.context.support.AbstractContextLoader - Could not detect default resource locations for test class [com.wedul.circuit.CircuitApplicationTests]: no resource found for suffixes {-context.xml, Context.groovy}.
21:42:55.020 [Test worker] INFO org.springframework.test.context.support.AnnotationConfigContextLoaderUtils - Could not detect default configuration classes for test class [com.wedul.circuit.CircuitApplicationTests]: CircuitApplicationTests does not declare any static, non-private, non-final, nested classes annotated with @Configuration.
21:42:55.044 [Test worker] DEBUG org.springframework.test.context.support.ActiveProfilesUtils - Could not find an 'annotation declaring class' for annotation type [org.springframework.test.context.ActiveProfiles] and class [com.wedul.circuit.CircuitApplicationTests]
21:42:55.101 [Test worker] DEBUG org.springframework.context.annotation.ClassPathScanningCandidateComponentProvider - Identified candidate component class: file [/Users/jeongcheol/Documents/project/circuit_breaker_test/build/classes/java/main/com/wedul/circuit/CircuitApplication.class]
21:42:55.102 [Test worker] INFO org.springframework.boot.test.context.SpringBootTestContextBootstrapper - Found @SpringBootConfiguration com.wedul.circuit.CircuitApplication for test class com.wedul.circuit.CircuitApplicationTests
21:42:55.162 [Test worker] DEBUG org.springframework.boot.test.context.SpringBootTestContextBootstrapper - @TestExecutionListeners is not present for class [com.wedul.circuit.CircuitApplicationTests]: using defaults.
21:42:55.163 [Test worker] INFO org.springframework.boot.test.context.SpringBootTestContextBootstrapper - Loaded default TestExecutionListener class names from location [META-INF/spring.factories]: [org.springframework.boot.test.autoconfigure.restdocs.RestDocsTestExecutionListener, org.springframework.boot.test.autoconfigure.web.client.MockRestServiceServerResetTestExecutionListener, org.springframework.boot.test.autoconfigure.web.servlet.MockMvcPrintOnlyOnFailureTestExecutionListener, org.springframework.boot.test.autoconfigure.web.servlet.WebDriverTestExecutionListener, org.springframework.boot.test.mock.mockito.MockitoTestExecutionListener, org.springframework.boot.test.mock.mockito.ResetMocksTestExecutionListener, org.springframework.test.context.web.ServletTestExecutionListener, org.springframework.test.context.support.DirtiesContextBeforeModesTestExecutionListener, org.springframework.test.context.support.DependencyInjectionTestExecutionListener, org.springframework.test.context.support.DirtiesContextTestExecutionListener, org.springframework.test.context.transaction.TransactionalTestExecutionListener, org.springframework.test.context.jdbc.SqlScriptsTestExecutionListener, org.springframework.test.context.event.EventPublishingTestExecutionListener]
21:42:55.167 [Test worker] DEBUG org.springframework.boot.test.context.SpringBootTestContextBootstrapper - Skipping candidate TestExecutionListener [org.springframework.test.context.web.ServletTestExecutionListener] due to a missing dependency. Specify custom listener classes or make the default listener classes and their required dependencies available. Offending class: [javax/servlet/ServletContext]
21:42:55.168 [Test worker] DEBUG org.springframework.boot.test.context.SpringBootTestContextBootstrapper - Skipping candidate TestExecutionListener [org.springframework.test.context.transaction.TransactionalTestExecutionListener] due to a missing dependency. Specify custom listener classes or make the default listener classes and their required dependencies available. Offending class: [org/springframework/transaction/TransactionDefinition]
21:42:55.169 [Test worker] DEBUG org.springframework.boot.test.context.SpringBootTestContextBootstrapper - Skipping candidate TestExecutionListener [org.springframework.test.context.jdbc.SqlScriptsTestExecutionListener] due to a missing dependency. Specify custom listener classes or make the default listener classes and their required dependencies available. Offending class: [org/springframework/transaction/interceptor/TransactionAttribute]
21:42:55.169 [Test worker] INFO org.springframework.boot.test.context.SpringBootTestContextBootstrapper - Using TestExecutionListeners: [org.springframework.test.context.support.DirtiesContextBeforeModesTestExecutionListener@7cc19fa4, org.springframework.boot.test.mock.mockito.MockitoTestExecutionListener@8fb1684, org.springframework.boot.test.autoconfigure.SpringBootDependencyInjectionTestExecutionListener@43b694c9, org.springframework.test.context.support.DirtiesContextTestExecutionListener@1077150d, org.springframework.test.context.event.EventPublishingTestExecutionListener@603b9418, org.springframework.boot.test.autoconfigure.restdocs.RestDocsTestExecutionListener@3024e1ad, org.springframework.boot.test.autoconfigure.web.client.MockRestServiceServerResetTestExecutionListener@47432bbc, org.springframework.boot.test.autoconfigure.web.servlet.MockMvcPrintOnlyOnFailureTestExecutionListener@6f348124, org.springframework.boot.test.autoconfigure.web.servlet.WebDriverTestExecutionListener@5313538e, org.springframework.boot.test.mock.mockito.ResetMocksTestExecutionListener@442df9c8]
21:42:55.171 [Test worker] DEBUG org.springframework.test.context.support.AbstractDirtiesContextTestExecutionListener - Before test class: context [DefaultTestContext@478cfc52 testClass = CircuitApplicationTests, testInstance = [null], testMethod = [null], testException = [null], mergedContextConfiguration = [ReactiveWebMergedContextConfiguration@3110c4af testClass = CircuitApplicationTests, locations = '{}', classes = '{class com.wedul.circuit.CircuitApplication}', contextInitializerClasses = '[]', activeProfiles = '{}', propertySourceLocations = '{}', propertySourceProperties = '{org.springframework.boot.test.context.SpringBootTestContextBootstrapper=true}', contextCustomizers = set[org.springframework.boot.test.autoconfigure.properties.PropertyMappingContextCustomizer@0, org.springframework.boot.test.autoconfigure.web.servlet.WebDriverContextCustomizerFactory$Customizer@439a9384, org.springframework.boot.test.context.filter.ExcludeFilterContextCustomizer@356d03cd, org.springframework.boot.test.json.DuplicateJsonObjectContextCustomizerFactory$DuplicateJsonObjectContextCustomizer@285806dc, org.springframework.boot.test.mock.mockito.MockitoContextCustomizer@0, org.springframework.boot.test.web.client.TestRestTemplateContextCustomizer@49f53e0b, org.springframework.boot.test.web.reactive.server.WebTestClientContextCustomizer@70fbd9ef], contextLoader = 'org.springframework.boot.test.context.SpringBootContextLoader', parent = [null]], attributes = map[[empty]]], class annotated with @DirtiesContext [false] with mode [null].
21:42:55.178 [Test worker] DEBUG org.springframework.test.context.support.DependencyInjectionTestExecutionListener - Performing dependency injection for test context [[DefaultTestContext@478cfc52 testClass = CircuitApplicationTests, testInstance = com.wedul.circuit.CircuitApplicationTests@770f59e5, testMethod = [null], testException = [null], mergedContextConfiguration = [ReactiveWebMergedContextConfiguration@3110c4af testClass = CircuitApplicationTests, locations = '{}', classes = '{class com.wedul.circuit.CircuitApplication}', contextInitializerClasses = '[]', activeProfiles = '{}', propertySourceLocations = '{}', propertySourceProperties = '{org.springframework.boot.test.context.SpringBootTestContextBootstrapper=true}', contextCustomizers = set[org.springframework.boot.test.autoconfigure.properties.PropertyMappingContextCustomizer@0, org.springframework.boot.test.autoconfigure.web.servlet.WebDriverContextCustomizerFactory$Customizer@439a9384, org.springframework.boot.test.context.filter.ExcludeFilterContextCustomizer@356d03cd, org.springframework.boot.test.json.DuplicateJsonObjectContextCustomizerFactory$DuplicateJsonObjectContextCustomizer@285806dc, org.springframework.boot.test.mock.mockito.MockitoContextCustomizer@0, org.springframework.boot.test.web.client.TestRestTemplateContextCustomizer@49f53e0b, org.springframework.boot.test.web.reactive.server.WebTestClientContextCustomizer@70fbd9ef], contextLoader = 'org.springframework.boot.test.context.SpringBootContextLoader', parent = [null]], attributes = map[[empty]]]].
21:42:55.190 [Test worker] DEBUG org.springframework.test.context.support.TestPropertySourceUtils - Adding inlined properties to environment: {spring.jmx.enabled=false, org.springframework.boot.test.context.SpringBootTestContextBootstrapper=true, server.port=-1}

  .   ____          _            __ _ _
 /\\ / ___'_ __ _ _(_)_ __  __ _ \ \ \ \
( ( )\___ | '_ | '_| | '_ \/ _` | \ \ \ \
 \\/  ___)| |_)| | | | | || (_| |  ) ) ) )
  '  |____| .__|_| |_|_| |_\__, | / / / /
 =========|_|==============|___/=/_/_/_/
 :: Spring Boot ::        (v2.2.4.RELEASE)

2020-07-04 21:42:55.412  INFO 32568 --- [    Test worker] c.wedul.circuit.CircuitApplicationTests  : Starting CircuitApplicationTests on jeongcheol-ui-MacBookPro.local with PID 32568 (started by jeongcheol in /Users/jeongcheol/Documents/project/circuit_breaker_test)
2020-07-04 21:42:55.413  INFO 32568 --- [    Test worker] c.wedul.circuit.CircuitApplicationTests  : No active profile set, falling back to default profiles: default
2020-07-04 21:42:55.810  INFO 32568 --- [    Test worker] i.g.r.utils.RxJava2OnClasspathCondition  : RxJava2 related Aspect extensions are not activated, because RxJava2 is not on the classpath.
2020-07-04 21:42:55.820  INFO 32568 --- [    Test worker] i.g.r.utils.AspectJOnClasspathCondition  : Aspects are not activated because AspectJ is not on the classpath.
2020-07-04 21:42:55.821  INFO 32568 --- [    Test worker] i.g.r.utils.RxJava2OnClasspathCondition  : RxJava2 related Aspect extensions are not activated, because RxJava2 is not on the classpath.
2020-07-04 21:42:55.821  INFO 32568 --- [    Test worker] i.g.r.utils.AspectJOnClasspathCondition  : Aspects are not activated because AspectJ is not on the classpath.
2020-07-04 21:42:55.842  INFO 32568 --- [    Test worker] i.g.r.utils.AspectJOnClasspathCondition  : Aspects are not activated because AspectJ is not on the classpath.
2020-07-04 21:42:55.843  INFO 32568 --- [    Test worker] i.g.r.utils.RxJava2OnClasspathCondition  : RxJava2 related Aspect extensions are not activated, because RxJava2 is not on the classpath.
2020-07-04 21:42:55.843  INFO 32568 --- [    Test worker] i.g.r.utils.AspectJOnClasspathCondition  : Aspects are not activated because AspectJ is not on the classpath.
2020-07-04 21:42:55.855  INFO 32568 --- [    Test worker] i.g.r.utils.AspectJOnClasspathCondition  : Aspects are not activated because AspectJ is not on the classpath.
2020-07-04 21:42:55.855  INFO 32568 --- [    Test worker] i.g.r.utils.RxJava2OnClasspathCondition  : RxJava2 related Aspect extensions are not activated, because RxJava2 is not on the classpath.
2020-07-04 21:42:55.856  INFO 32568 --- [    Test worker] i.g.r.utils.AspectJOnClasspathCondition  : Aspects are not activated because AspectJ is not on the classpath.
2020-07-04 21:42:55.867  INFO 32568 --- [    Test worker] i.g.r.utils.AspectJOnClasspathCondition  : Aspects are not activated because AspectJ is not on the classpath.
2020-07-04 21:42:55.867  INFO 32568 --- [    Test worker] i.g.r.utils.RxJava2OnClasspathCondition  : RxJava2 related Aspect extensions are not activated, because RxJava2 is not on the classpath.
2020-07-04 21:42:55.867  INFO 32568 --- [    Test worker] i.g.r.utils.AspectJOnClasspathCondition  : Aspects are not activated because AspectJ is not on the classpath.
2020-07-04 21:42:55.881  INFO 32568 --- [    Test worker] i.g.r.utils.AspectJOnClasspathCondition  : Aspects are not activated because AspectJ is not on the classpath.
2020-07-04 21:42:55.881  INFO 32568 --- [    Test worker] i.g.r.utils.RxJava2OnClasspathCondition  : RxJava2 related Aspect extensions are not activated, because RxJava2 is not on the classpath.
2020-07-04 21:42:55.882  INFO 32568 --- [    Test worker] i.g.r.utils.AspectJOnClasspathCondition  : Aspects are not activated because AspectJ is not on the classpath.
2020-07-04 21:42:57.022  INFO 32568 --- [    Test worker] o.s.b.a.e.web.EndpointLinksResolver      : Exposing 2 endpoint(s) beneath base path '/actuator'
2020-07-04 21:42:57.373  INFO 32568 --- [    Test worker] c.wedul.circuit.CircuitApplicationTests  : Started CircuitApplicationTests in 2.177 seconds (JVM running for 2.955)
]]></system-out>
  <system-err><![CDATA[]]></system-err>
</testsuite>
